#
# A fatal error has been detected by the Java Runtime Environment:
#
#  EXCEPTION_ACCESS_VIOLATION (0xc0000005) at pc=0x6da64b14, pid=4664, tid=4944
#
# JRE version: 6.0_24-b07
# Java VM: Java HotSpot(TM) Client VM (19.1-b02 mixed mode windows-x86 )
# Problematic frame:
# V  [jvm.dll+0x1c4b14]
#
# If you would like to submit a bug report, please visit:
#   http://java.sun.com/webapps/bugreport/crash.jsp
#

---------------  T H R E A D  ---------------

Current thread (0x0f0a2800):  JavaThread "RMI TCP Connection(36)-127.0.0.1" daemon [_thread_in_vm, id=4944, stack(0x0eef0000,0x0ef40000)]

siginfo: ExceptionCode=0xc0000005, reading address 0x00000011

Registers:
EAX=0x00000001, EBX=0x0f01f6c4, ECX=0x00000001, EDX=0x0000033b
ESP=0x0ef3f184, EBP=0x0ef3f18c, ESI=0x043fea98, EDI=0x0f0a2800
EIP=0x6da64b14, EFLAGS=0x00010202

Register to memory mapping:

EAX=0x00000001
0x00000001 is pointing to unknown location

EBX=0x0f01f6c4
0x0f01f6c4 is pointing to unknown location

ECX=0x00000001
0x00000001 is pointing to unknown location

EDX=0x0000033b
0x0000033b is pointing to unknown location

ESP=0x0ef3f184
0x0ef3f184 is pointing into the stack for thread: 0x0f0a2800
"RMI TCP Connection(36)-127.0.0.1" daemon prio=6 tid=0x0f0a2800 nid=0x1350 runnable [0x0ef3f000]
   java.lang.Thread.State: RUNNABLE

EBP=0x0ef3f18c
0x0ef3f18c is pointing into the stack for thread: 0x0f0a2800
"RMI TCP Connection(36)-127.0.0.1" daemon prio=6 tid=0x0f0a2800 nid=0x1350 runnable [0x0ef3f000]
   java.lang.Thread.State: RUNNABLE

ESI=0x043fea98
0x043fea98 is an unallocated location in the heap

EDI=0x0f0a2800
"RMI TCP Connection(36)-127.0.0.1" daemon prio=6 tid=0x0f0a2800 nid=0x1350 runnable [0x0ef3f000]
   java.lang.Thread.State: RUNNABLE


Top of Stack: (sp=0x0ef3f184)
0x0ef3f184:   0f01f6cc 0f01f6cc 0ef3f1a0 6da6747a
0x0ef3f194:   0f0a2800 0f01f6cc 0f0a2800 0ef3f208
0x0ef3f1a4:   6da6a556 0f01f6cc 0f0a2800 00000000
0x0ef3f1b4:   0f01f6c4 0f01f6c8 00000000 03baaf90
0x0ef3f1c4:   04ba8b68 0ef3f42c 01b760f0 09c08018
0x0ef3f1d4:   0ef3f1c8 0ef3f42c 01c5031c 0f01f6cc
0x0ef3f1e4:   04c90da0 0ef3f42c 0f01f6cc 0000033b
0x0ef3f1f4:   01f30035 0000033b 01f30035 03baaf18 

Instructions: (pc=0x6da64b14)
0x6da64b04:   c0 02 5d c3 8b c8 d1 e9 f6 c1 01 74 29 83 f0 02
0x6da64b14:   8b 40 10 85 c0 74 1f 3b c7 74 15 8b 17 50 8b cf 


Stack: [0x0eef0000,0x0ef40000],  sp=0x0ef3f184,  free space=316k
Native frames: (J=compiled Java code, j=interpreted, Vv=VM code, C=native code)
V  [jvm.dll+0x1c4b14]
V  [jvm.dll+0x1c747a]
V  [jvm.dll+0x1ca556]
V  [jvm.dll+0x1cabd5]
V  [jvm.dll+0x1cac1b]
V  [jvm.dll+0x118932]
V  [jvm.dll+0x12068f]
C  [java.dll+0x13bc]
J  java.lang.Class.forName0(Ljava/lang/String;ZLjava/lang/ClassLoader;)Ljava/lang/Class;
J  java.lang.Class.forName(Ljava/lang/String;ZLjava/lang/ClassLoader;)Ljava/lang/Class;
j  greenfoot.core.GClass.setCompiledState(Z)V+24
j  greenfoot.core.ClassStateManager.classStateChanged(Lrmiextension/wrappers/event/RClassEvent;)V+82
j  sun.reflect.GeneratedMethodAccessor6.invoke(Ljava/lang/Object;[Ljava/lang/Object;)Ljava/lang/Object;+40
J  sun.reflect.DelegatingMethodAccessorImpl.invoke(Ljava/lang/Object;[Ljava/lang/Object;)Ljava/lang/Object;
j  sun.rmi.transport.Transport$1.run()Ljava/lang/Object;+23
v  ~StubRoutines::call_stub
V  [jvm.dll+0xf0ab9]
V  [jvm.dll+0x1837d1]
V  [jvm.dll+0xf0b3d]
V  [jvm.dll+0x1212df]
C  [java.dll+0x1061]
j  sun.rmi.transport.Transport.serviceCall(Ljava/rmi/server/RemoteCall;)Z+163
j  sun.rmi.transport.tcp.TCPTransport.handleMessages(Lsun/rmi/transport/Connection;Z)V+185
j  sun.rmi.transport.tcp.TCPTransport$ConnectionHandler.run0()V+685
j  sun.rmi.transport.tcp.TCPTransport$ConnectionHandler.run()V+50
j  java.util.concurrent.ThreadPoolExecutor$Worker.runTask(Ljava/lang/Runnable;)V+59
j  java.util.concurrent.ThreadPoolExecutor$Worker.run()V+28
j  java.lang.Thread.run()V+11
v  ~StubRoutines::call_stub
V  [jvm.dll+0xf0ab9]
V  [jvm.dll+0x1837d1]
V  [jvm.dll+0xf0c61]
V  [jvm.dll+0xf0cbb]
V  [jvm.dll+0x11b4b9]
V  [jvm.dll+0x1e4624]
V  [jvm.dll+0x18317c]
C  [msvcr71.dll+0x9565]
C  [kernel32.dll+0x51174]
C  [ntdll.dll+0x5b3f5]
C  [ntdll.dll+0x5b3c8]

Java frames: (J=compiled Java code, j=interpreted, Vv=VM code)
J  java.lang.Class.forName0(Ljava/lang/String;ZLjava/lang/ClassLoader;)Ljava/lang/Class;
J  java.lang.Class.forName(Ljava/lang/String;ZLjava/lang/ClassLoader;)Ljava/lang/Class;
j  greenfoot.core.GClass.loadRealClass()V+27
j  greenfoot.core.GClass.setCompiledState(Z)V+24
j  greenfoot.core.ClassStateManager.classStateChanged(Lrmiextension/wrappers/event/RClassEvent;)V+82
j  sun.reflect.GeneratedMethodAccessor6.invoke(Ljava/lang/Object;[Ljava/lang/Object;)Ljava/lang/Object;+40
J  sun.reflect.DelegatingMethodAccessorImpl.invoke(Ljava/lang/Object;[Ljava/lang/Object;)Ljava/lang/Object;
J  java.lang.reflect.Method.invoke(Ljava/lang/Object;[Ljava/lang/Object;)Ljava/lang/Object;
j  sun.rmi.server.UnicastServerRef.dispatch(Ljava/rmi/Remote;Ljava/rmi/server/RemoteCall;)V+242
j  sun.rmi.transport.Transport$1.run()Ljava/lang/Object;+23
v  ~StubRoutines::call_stub
j  java.security.AccessController.doPrivileged(Ljava/security/PrivilegedExceptionAction;Ljava/security/AccessControlContext;)Ljava/lang/Object;+0
j  sun.rmi.transport.Transport.serviceCall(Ljava/rmi/server/RemoteCall;)Z+163
j  sun.rmi.transport.tcp.TCPTransport.handleMessages(Lsun/rmi/transport/Connection;Z)V+185
j  sun.rmi.transport.tcp.TCPTransport$ConnectionHandler.run0()V+685
j  sun.rmi.transport.tcp.TCPTransport$ConnectionHandler.run()V+50
j  java.util.concurrent.ThreadPoolExecutor$Worker.runTask(Ljava/lang/Runnable;)V+59
j  java.util.concurrent.ThreadPoolExecutor$Worker.run()V+28
j  java.lang.Thread.run()V+11
v  ~StubRoutines::call_stub

---------------  P R O C E S S  ---------------

Java Threads: ( => current thread )
=>0x0f0a2800 JavaThread "RMI TCP Connection(36)-127.0.0.1" daemon [_thread_in_vm, id=4944, stack(0x0eef0000,0x0ef40000)]
  0x0f09f000 JavaThread "main" [_thread_blocked, id=4752, stack(0x0f6f0000,0x0f740000)]
  0x0f0a1c00 JavaThread "Swing-Shell" daemon [_thread_blocked, id=6004, stack(0x0f980000,0x0f9d0000)]
  0x0f0a1400 JavaThread "TimerQueue" daemon [_thread_blocked, id=4292, stack(0x0f8e0000,0x0f930000)]
  0x0f0a0400 JavaThread "SimulationThread" [_thread_blocked, id=5016, stack(0x0fca0000,0x0fcf0000)]
  0x0f09ec00 JavaThread "AWT-EventQueue-0" [_thread_in_Java, id=3548, stack(0x0f7b0000,0x0f800000)]
  0x0f040800 JavaThread "RMI Reaper" [_thread_blocked, id=4172, stack(0x0f6a0000,0x0f6f0000)]
  0x0f044c00 JavaThread "RMI TCP Accept-0" daemon [_thread_in_native, id=4980, stack(0x0f650000,0x0f6a0000)]
  0x0f01d800 JavaThread "GC Daemon" daemon [_thread_blocked, id=3624, stack(0x0f580000,0x0f5d0000)]
  0x0f01d000 JavaThread "RMI RenewClean-[127.0.0.1:13238]" daemon [_thread_blocked, id=4648, stack(0x0f530000,0x0f580000)]
  0x0f01bc00 JavaThread "RMI Scheduler(0)" daemon [_thread_blocked, id=4136, stack(0x0f4e0000,0x0f530000)]
  0x00dd9400 JavaThread "DestroyJavaVM" [_thread_blocked, id=5984, stack(0x001c0000,0x00210000)]
  0x0e68ec00 JavaThread "BlueJ worker thread" [_thread_blocked, id=5236, stack(0x0ef40000,0x0ef90000)]
  0x0e68bc00 JavaThread "AWT-Windows" daemon [_thread_in_native, id=5284, stack(0x0ed60000,0x0edb0000)]
  0x0e68b000 JavaThread "AWT-Shutdown" [_thread_blocked, id=4208, stack(0x0ed10000,0x0ed60000)]
  0x0e689800 JavaThread "Java2D Disposer" daemon [_thread_blocked, id=2208, stack(0x0ebe0000,0x0ec30000)]
  0x0e579800 JavaThread "Low Memory Detector" daemon [_thread_blocked, id=1616, stack(0x0ea40000,0x0ea90000)]
  0x0e578800 JavaThread "CompilerThread0" daemon [_thread_blocked, id=3640, stack(0x0e9f0000,0x0ea40000)]
  0x0e56d800 JavaThread "JDWP Command Reader" daemon [_thread_in_native, id=1872, stack(0x0e9a0000,0x0e9f0000)]
  0x0e567800 JavaThread "JDWP Event Helper Thread" daemon [_thread_blocked, id=4532, stack(0x0e950000,0x0e9a0000)]
  0x0e566400 JavaThread "JDWP Transport Listener: dt_shmem" daemon [_thread_blocked, id=4304, stack(0x0e900000,0x0e950000)]
  0x0e55e400 JavaThread "Attach Listener" daemon [_thread_blocked, id=4968, stack(0x0e8b0000,0x0e900000)]
  0x0e555800 JavaThread "Signal Dispatcher" daemon [_thread_blocked, id=5788, stack(0x0e860000,0x0e8b0000)]
  0x0e554800 JavaThread "Surrogate Locker Thread (CMS)" daemon [_thread_blocked, id=4120, stack(0x0e810000,0x0e860000)]
  0x0e527400 JavaThread "Finalizer" daemon [_thread_blocked, id=5120, stack(0x0e7c0000,0x0e810000)]
  0x0e526400 JavaThread "Reference Handler" daemon [_thread_blocked, id=5980, stack(0x0e770000,0x0e7c0000)]

Other Threads:
  0x0e521400 VMThread [stack: 0x0e720000,0x0e770000] [id=5356]
  0x0e57a400 WatcherThread [stack: 0x0ea90000,0x0eae0000] [id=6064]

VM state:not at safepoint (normal execution)

VM Mutex/Monitor currently owned by a thread: None

Heap
 par new generation   total 14784K, used 172K [0x03b80000, 0x04b80000, 0x04b80000)
  eden space 13184K,   1% used [0x03b80000, 0x03bab1b8, 0x04860000)
  from space 1600K,   0% used [0x04860000, 0x04860000, 0x049f0000)
  to   space 1600K,   0% used [0x049f0000, 0x049f0000, 0x04b80000)
 concurrent mark-sweep generation total 49152K, used 7137K [0x04b80000, 0x07b80000, 0x09b80000)
 concurrent-mark-sweep perm gen total 26940K, used 16112K [0x09b80000, 0x0b5cf000, 0x0db80000)

Dynamic libraries:
0x00400000 - 0x00424000 	C:\Program Files\Java\jdk1.6.0_24\jre\bin\java.exe
0x76e10000 - 0x76f4c000 	C:\Windows\SYSTEM32\ntdll.dll
0x761f0000 - 0x762c4000 	C:\Windows\system32\kernel32.dll
0x75210000 - 0x7525a000 	C:\Windows\system32\KERNELBASE.dll
0x768f0000 - 0x76990000 	C:\Windows\system32\ADVAPI32.dll
0x76640000 - 0x766ec000 	C:\Windows\system32\msvcrt.dll
0x76400000 - 0x76419000 	C:\Windows\SYSTEM32\sechost.dll
0x76b70000 - 0x76c11000 	C:\Windows\system32\RPCRT4.dll
0x7c340000 - 0x7c396000 	C:\Program Files\Java\jdk1.6.0_24\jre\bin\msvcr71.dll
0x6d8a0000 - 0x6db46000 	C:\Program Files\Java\jdk1.6.0_24\jre\bin\client\jvm.dll
0x76f70000 - 0x77039000 	C:\Windows\system32\USER32.dll
0x763b0000 - 0x763fe000 	C:\Windows\system32\GDI32.dll
0x766f0000 - 0x766fa000 	C:\Windows\system32\LPK.dll
0x762d0000 - 0x7636d000 	C:\Windows\system32\USP10.dll
0x741c0000 - 0x741f2000 	C:\Windows\system32\WINMM.dll
0x76420000 - 0x7643f000 	C:\Windows\system32\IMM32.DLL
0x75f20000 - 0x75fec000 	C:\Windows\system32\MSCTF.dll
0x74e90000 - 0x74edb000 	C:\Windows\system32\apphelp.dll
0x6d850000 - 0x6d85c000 	C:\Program Files\Java\jdk1.6.0_24\jre\bin\verify.dll
0x6d3d0000 - 0x6d3ef000 	C:\Program Files\Java\jdk1.6.0_24\jre\bin\java.dll
0x6d330000 - 0x6d338000 	C:\Program Files\Java\jdk1.6.0_24\jre\bin\hpi.dll
0x752c0000 - 0x752c5000 	C:\Windows\system32\PSAPI.DLL
0x6d420000 - 0x6d449000 	C:\Program Files\Java\jdk1.6.0_24\jre\bin\jdwp.dll
0x6d740000 - 0x6d746000 	C:\Program Files\Java\jdk1.6.0_24\jre\bin\npt.dll
0x6d890000 - 0x6d89f000 	C:\Program Files\Java\jdk1.6.0_24\jre\bin\zip.dll
0x6d2a0000 - 0x6d2a8000 	C:\Program Files\Java\jdk1.6.0_24\jre\bin\dt_shmem.dll
0x6d0b0000 - 0x6d1fa000 	C:\Program Files\Java\jdk1.6.0_24\jre\bin\awt.dll
0x6f030000 - 0x6f081000 	C:\Windows\system32\WINSPOOL.DRV
0x76a10000 - 0x76b6c000 	C:\Windows\system32\ole32.dll
0x74450000 - 0x745ee000 	C:\Windows\WinSxS\x86_microsoft.windows.common-controls_6595b64144ccf1df_6.0.7600.16385_none_421189da2b7fabfc\COMCTL32.dll
0x76890000 - 0x768e7000 	C:\Windows\system32\SHLWAPI.dll
0x722b0000 - 0x722c3000 	C:\Windows\system32\DWMAPI.DLL
0x731e0000 - 0x73220000 	C:\Windows\system32\uxtheme.dll
0x74ee0000 - 0x74eec000 	C:\Windows\system32\CRYPTBASE.dll
0x74a90000 - 0x74aa6000 	C:\Windows\system32\CRYPTSP.dll
0x74760000 - 0x7479b000 	C:\Windows\system32\rsaenh.dll
0x74360000 - 0x74377000 	C:\Windows\system32\USERENV.dll
0x74f60000 - 0x74f6b000 	C:\Windows\system32\profapi.dll
0x6d6b0000 - 0x6d6c3000 	C:\Program Files\Java\jdk1.6.0_24\jre\bin\net.dll
0x76370000 - 0x763a5000 	C:\Windows\system32\WS2_32.dll
0x76f50000 - 0x76f56000 	C:\Windows\system32\NSI.dll
0x74990000 - 0x749cc000 	C:\Windows\system32\mswsock.dll
0x74a80000 - 0x74a86000 	C:\Windows\System32\wship6.dll
0x730b0000 - 0x730c0000 	C:\Windows\system32\NLAapi.dll
0x74860000 - 0x748a4000 	C:\Windows\system32\DNSAPI.dll
0x6f820000 - 0x6f828000 	C:\Windows\System32\winrnr.dll
0x6f810000 - 0x6f820000 	C:\Windows\system32\napinsp.dll
0x6f7f0000 - 0x6f802000 	C:\Windows\system32\pnrpnsp.dll
0x6f7e0000 - 0x6f7ed000 	C:\Windows\system32\wshbth.dll
0x74290000 - 0x74295000 	C:\Windows\System32\wshtcpip.dll
0x71ae0000 - 0x71afc000 	C:\Windows\system32\IPHLPAPI.DLL
0x71ad0000 - 0x71ad7000 	C:\Windows\system32\WINNSI.DLL
0x6fcc0000 - 0x6fcc6000 	C:\Windows\system32\rasadhlp.dll
0x719f0000 - 0x71a28000 	C:\Windows\System32\fwpuclnt.dll
0x6d7a0000 - 0x6d7a6000 	C:\Program Files\Java\jdk1.6.0_24\jre\bin\rmi.dll
0x752d0000 - 0x75f19000 	C:\Windows\system32\shell32.dll
0x6d2e0000 - 0x6d32f000 	C:\Program Files\Java\jdk1.6.0_24\jre\bin\fontmanager.dll
0x6d6d0000 - 0x6d6d9000 	C:\Program Files\Java\jdk1.6.0_24\jre\bin\nio.dll
0x6d4f0000 - 0x6d515000 	C:\Program Files\Java\jdk1.6.0_24\jre\bin\jpeg.dll
0x6d600000 - 0x6d609000 	C:\Program Files\Java\jdk1.6.0_24\jre\bin\management.dll
0x76700000 - 0x76783000 	C:\Windows\system32\CLBCatQ.DLL
0x75ff0000 - 0x7607f000 	C:\Windows\system32\OLEAUT32.dll
0x73c70000 - 0x73d65000 	C:\Windows\system32\propsys.dll
0x76c70000 - 0x76e0d000 	C:\Windows\system32\SETUPAPI.dll
0x751e0000 - 0x75207000 	C:\Windows\system32\CFGMGR32.dll
0x74fe0000 - 0x74ff2000 	C:\Windows\system32\DEVOBJ.dll
0x6c640000 - 0x6c7d8000 	C:\Windows\system32\NetworkExplorer.dll
0x71eb0000 - 0x71ede000 	C:\Windows\System32\shdocvw.dll
0x72e00000 - 0x72e0a000 	C:\Windows\system32\slc.dll
0x72180000 - 0x7227b000 	C:\Windows\system32\WindowsCodecs.dll
0x0f750000 - 0x0f767000 	C:\Program Files\Common Files\TortoiseOverlays\TortoiseOverlays.dll
0x0fb80000 - 0x0fb8e000 	C:\Program Files\TortoiseSVN\bin\TortoiseStub.dll
0x0fcf0000 - 0x0fdaa000 	C:\Program Files\TortoiseSVN\bin\TortoiseSVN.dll
0x76790000 - 0x76884000 	C:\Windows\system32\WININET.dll
0x76f60000 - 0x76f63000 	C:\Windows\system32\Normaliz.dll
0x760b0000 - 0x761e5000 	C:\Windows\system32\urlmon.dll
0x750c0000 - 0x751dc000 	C:\Windows\system32\CRYPT32.dll
0x74fd0000 - 0x74fdc000 	C:\Windows\system32\MSASN1.dll
0x76440000 - 0x76639000 	C:\Windows\system32\iertutil.dll
0x74200000 - 0x74209000 	C:\Windows\system32\VERSION.dll
0x6eec0000 - 0x6eee0000 	C:\Program Files\TortoiseSVN\bin\libapr_tsvn.dll
0x720d0000 - 0x72173000 	C:\Windows\WinSxS\x86_microsoft.vc90.crt_1fc8b3b9a1e18e3b_9.0.30729.4974_none_50940634bcb759cb\MSVCR90.dll
0x6ee60000 - 0x6ee89000 	C:\Program Files\TortoiseSVN\bin\libaprutil_tsvn.dll
0x76c20000 - 0x76c65000 	C:\Windows\system32\WLDAP32.dll
0x0fbe0000 - 0x0fbf2000 	C:\Program Files\TortoiseSVN\bin\intl3_tsvn.dll
0x72380000 - 0x7240e000 	C:\Windows\WinSxS\x86_microsoft.vc90.crt_1fc8b3b9a1e18e3b_9.0.30729.4974_none_50940634bcb759cb\MSVCP90.dll
0x6faf0000 - 0x6faf5000 	C:\Windows\system32\SHFOLDER.dll
0x70eb0000 - 0x71040000 	C:\Windows\WinSxS\x86_microsoft.windows.gdiplus_6595b64144ccf1df_1.1.7600.16385_none_72fc7cbf861225ca\gdiplus.dll
0x72340000 - 0x72371000 	C:\Windows\system32\EhStorShell.dll
0x70690000 - 0x70a9b000 	C:\PROGRA~1\MICROS~2\Office14\GROOVEEX.DLL
0x73f40000 - 0x73f6b000 	C:\Windows\WinSxS\x86_microsoft.vc90.atl_1fc8b3b9a1e18e3b_9.0.30729.4974_none_51cdc180bbe4500f\ATL90.DLL
0x70aa0000 - 0x70eaf000 	C:\PROGRA~1\COMMON~1\MICROS~1\OFFICE14\Cultures\office.odf
0x6e400000 - 0x6ec64000 	C:\PROGRA~1\MICROS~2\Office14\1033\GrooveIntlResource.dll
0x6f0e0000 - 0x6f0f2000 	C:\Windows\system32\MPR.dll
0x6ed90000 - 0x6ed98000 	C:\Windows\System32\drprov.dll
0x74da0000 - 0x74dc9000 	C:\Windows\System32\WINSTA.dll
0x6f0b0000 - 0x6f0c4000 	C:\Windows\System32\ntlanman.dll
0x6f090000 - 0x6f0a6000 	C:\Windows\System32\davclnt.dll
0x6eff0000 - 0x6eff8000 	C:\Windows\System32\DAVHLPR.dll
0x738c0000 - 0x738cf000 	C:\Windows\system32\wkscli.dll
0x6efb0000 - 0x6efbb000 	C:\Windows\system32\cscapi.dll
0x72d60000 - 0x72d69000 	C:\Windows\system32\netutils.dll
0x28840000 - 0x28a78000 	C:\Windows\system32\wpdshext.dll
0x6f9d0000 - 0x6fa59000 	C:\Windows\system32\PortableDeviceApi.dll
0x75000000 - 0x7502d000 	C:\Windows\system32\WINTRUST.dll
0x65910000 - 0x6594f000 	C:\Windows\system32\audiodev.dll
0x61d20000 - 0x61f87000 	C:\Windows\system32\WMVCore.DLL
0x67010000 - 0x6704d000 	C:\Windows\system32\WMASF.DLL
0x6f7a0000 - 0x6f7c2000 	C:\Windows\system32\EhStorAPI.dll
0x72ef0000 - 0x72ef9000 	C:\Windows\system32\LINKINFO.dll
0x74e50000 - 0x74e58000 	C:\Windows\system32\Secur32.dll
0x74e70000 - 0x74e8a000 	C:\Windows\system32\SSPICLI.DLL
0x72050000 - 0x7205f000 	C:\Windows\system32\samcli.dll
0x73d70000 - 0x73d82000 	C:\Windows\system32\SAMLIB.dll

VM Arguments:
jvm_args: -Xincgc -Dapple.awt.graphics.UseQuartz=true -Xdebug -Xnoagent -Xrunjdwp:transport=dt_shmem,address=bluej0,server=y,suspend=y 
java_command: bluej.runtime.ExecServer
Launcher Type: SUN_STANDARD

Environment Variables:
PATH=C:\Windows\system32;C:\Windows;C:\Windows\System32\Wbem;C:\Windows\System32\WindowsPowerShell\v1.0\;C:\Program Files\TortoiseSVN\bin
USERNAME=Nisar
OS=Windows_NT
PROCESSOR_IDENTIFIER=x86 Family 6 Model 15 Stepping 13, GenuineIntel



---------------  S Y S T E M  ---------------

OS: Windows 7 Build 7600 

CPU:total 2 (2 cores per cpu, 1 threads per core) family 6 model 15 stepping 13, cmov, cx8, fxsr, mmx, sse, sse2, sse3, ssse3

Memory: 4k page, physical 2088248k(711376k free), swap 4176496k(1413540k free)

vm_info: Java HotSpot(TM) Client VM (19.1-b02) for windows-x86 JRE (1.6.0_24-b07), built on Feb  2 2011 17:44:41 by "java_re" with MS VC++ 7.1 (VS2003)

time: Sat Apr 16 04:41:09 2011
elapsed time: 4583 seconds

